{"uid":"129dd975725a0460","name":"TC 03.02.01 to 03_02_10 Verify and Failed Login, no error validation","fullName":"tests.test_sign_in.TestFailedLogin#test_03_02_01_to_03_02_10_login","historyId":"ac4c8295c625f1e51420ea2b057bffd3","time":{"start":1692838850232,"stop":1692838850232,"duration":0},"description":"Check Success and Failed Login, no error validation","descriptionHtml":"<p>Check Success and Failed Login, no error validation</p>\n","status":"skipped","statusMessage":"Skipped: to be run with secret code for captcha","statusTrace":"('/home/runner/work/luma_project/luma_project/tests/test_sign_in.py', 250, 'Skipped: to be run with secret code for captcha')","flaky":false,"newFailed":false,"newBroken":false,"newPassed":false,"retriesCount":0,"retriesStatusChange":false,"beforeStages":[{"name":"_session_faker","time":{"start":1692837425705,"stop":1692837425797,"duration":92},"status":"passed","steps":[],"attachments":[],"parameters":[],"stepsCount":0,"attachmentsCount":0,"shouldDisplayMessage":false,"hasContent":false},{"name":"clear_allure_result_folder","time":{"start":1692837425797,"stop":1692837425797,"duration":0},"status":"passed","steps":[],"attachments":[],"parameters":[],"stepsCount":0,"attachmentsCount":0,"shouldDisplayMessage":false,"hasContent":false},{"name":"driver","time":{"start":1692838850242,"stop":1692838851350,"duration":1108},"status":"passed","steps":[],"attachments":[],"parameters":[],"stepsCount":0,"attachmentsCount":0,"shouldDisplayMessage":false,"hasContent":false}],"afterStages":[{"name":"driver::0","time":{"start":1692838852320,"stop":1692838852381,"duration":61},"status":"passed","steps":[],"attachments":[],"parameters":[],"stepsCount":0,"attachmentsCount":0,"shouldDisplayMessage":false,"hasContent":false},{"name":"clear_allure_result_folder::0","time":{"start":1692838909729,"stop":1692838909729,"duration":0},"status":"passed","steps":[],"attachments":[],"parameters":[],"stepsCount":0,"attachmentsCount":0,"shouldDisplayMessage":false,"hasContent":false}],"labels":[{"name":"feature","value":"Login Functionality with captcha"},{"name":"tag","value":"@pytest.mark.xfail(raises=<class 'AssertionError'>)"},{"name":"tag","value":"@pytest.mark.skip(reason='to be run with secret code for captcha')"},{"name":"parentSuite","value":"tests"},{"name":"suite","value":"test_sign_in"},{"name":"subSuite","value":"TestFailedLogin"},{"name":"host","value":"fv-az617-616"},{"name":"thread","value":"2956-MainThread"},{"name":"framework","value":"pytest"},{"name":"language","value":"cpython3"},{"name":"package","value":"tests.test_sign_in"},{"name":"resultFormat","value":"allure2"}],"parameters":[{"name":"email","value":"'teston120@mailinator.com'"},{"name":"password","value":"' Test#12p@ssword'"}],"links":[],"hidden":false,"retry":false,"extra":{"severity":"normal","retries":[],"categories":[],"history":{"statistic":{"failed":0,"broken":0,"skipped":5,"passed":0,"unknown":0,"total":5},"items":[{"uid":"ddaeb6a2ce26fccc","reportUrl":"https://DionisIno.github.io/luma_project/90//#testresult/ddaeb6a2ce26fccc","status":"skipped","statusDetails":"Skipped: to be run with secret code for captcha","time":{"start":1692752450939,"stop":1692752450939,"duration":0}},{"uid":"49803b89cd9891ee","reportUrl":"https://DionisIno.github.io/luma_project/89//#testresult/49803b89cd9891ee","status":"skipped","statusDetails":"Skipped: to be run with secret code for captcha","time":{"start":1692666208533,"stop":1692666208533,"duration":0}},{"uid":"4ab2dd7489d214a0","reportUrl":"https://DionisIno.github.io/luma_project/88//#testresult/4ab2dd7489d214a0","status":"skipped","statusDetails":"Skipped: to be run with secret code for captcha","time":{"start":1692579791511,"stop":1692579791511,"duration":0}},{"uid":"a9a3b7eecf8c9a4a","reportUrl":"https://DionisIno.github.io/luma_project/87//#testresult/a9a3b7eecf8c9a4a","status":"skipped","statusDetails":"Skipped: to be run with secret code for captcha","time":{"start":1692493417764,"stop":1692493417764,"duration":0}}]},"tags":["@pytest.mark.skip(reason='to be run with secret code for captcha')","@pytest.mark.xfail(raises=<class 'AssertionError'>)"]},"source":"129dd975725a0460.json","parameterValues":["'teston120@mailinator.com'","' Test#12p@ssword'"]}