{
  "uid" : "1109966a0cc71dab",
  "name" : "TC 03.02.01 to 03_02_10 Verify and Failed Login, no error validation",
  "fullName" : "tests.test_sign_in.TestFailedLogin#test_03_02_01_to_03_02_10_login",
  "historyId" : "ac4c8295c625f1e51420ea2b057bffd3",
  "time" : {
    "start" : 1688401713331,
    "stop" : 1688401713331,
    "duration" : 0
  },
  "description" : "Check Success and Failed Login, no error validation",
  "descriptionHtml" : "<p>Check Success and Failed Login, no error validation</p>\n",
  "status" : "skipped",
  "statusMessage" : "Skipped: to be run with secret code for captcha",
  "statusTrace" : "('/home/runner/work/luma_project/luma_project/tests/test_sign_in.py', 250, 'Skipped: to be run with secret code for captcha')",
  "flaky" : false,
  "newFailed" : false,
  "beforeStages" : [ {
    "name" : "_session_faker",
    "time" : {
      "start" : 1688400520456,
      "stop" : 1688400520541,
      "duration" : 85
    },
    "status" : "passed",
    "steps" : [ ],
    "attachments" : [ ],
    "parameters" : [ ],
    "stepsCount" : 0,
    "attachmentsCount" : 0,
    "shouldDisplayMessage" : false,
    "hasContent" : false
  }, {
    "name" : "clear_allure_result_folder",
    "time" : {
      "start" : 1688400520541,
      "stop" : 1688400520541,
      "duration" : 0
    },
    "status" : "passed",
    "steps" : [ ],
    "attachments" : [ ],
    "parameters" : [ ],
    "stepsCount" : 0,
    "attachmentsCount" : 0,
    "shouldDisplayMessage" : false,
    "hasContent" : false
  }, {
    "name" : "driver",
    "time" : {
      "start" : 1688401713339,
      "stop" : 1688401714346,
      "duration" : 1007
    },
    "status" : "passed",
    "steps" : [ ],
    "attachments" : [ ],
    "parameters" : [ ],
    "stepsCount" : 0,
    "attachmentsCount" : 0,
    "shouldDisplayMessage" : false,
    "hasContent" : false
  } ],
  "afterStages" : [ {
    "name" : "clear_allure_result_folder::0",
    "time" : {
      "start" : 1688401772163,
      "stop" : 1688401772163,
      "duration" : 0
    },
    "status" : "passed",
    "steps" : [ ],
    "attachments" : [ ],
    "parameters" : [ ],
    "stepsCount" : 0,
    "attachmentsCount" : 0,
    "shouldDisplayMessage" : false,
    "hasContent" : false
  }, {
    "name" : "driver::0",
    "time" : {
      "start" : 1688401715338,
      "stop" : 1688401715398,
      "duration" : 60
    },
    "status" : "passed",
    "steps" : [ ],
    "attachments" : [ ],
    "parameters" : [ ],
    "stepsCount" : 0,
    "attachmentsCount" : 0,
    "shouldDisplayMessage" : false,
    "hasContent" : false
  } ],
  "labels" : [ {
    "name" : "feature",
    "value" : "Login Functionality with captcha"
  }, {
    "name" : "tag",
    "value" : "@pytest.mark.xfail(raises=<class 'AssertionError'>)"
  }, {
    "name" : "tag",
    "value" : "@pytest.mark.skip(reason='to be run with secret code for captcha')"
  }, {
    "name" : "parentSuite",
    "value" : "tests"
  }, {
    "name" : "suite",
    "value" : "test_sign_in"
  }, {
    "name" : "subSuite",
    "value" : "TestFailedLogin"
  }, {
    "name" : "host",
    "value" : "fv-az1028-912"
  }, {
    "name" : "thread",
    "value" : "3322-MainThread"
  }, {
    "name" : "framework",
    "value" : "pytest"
  }, {
    "name" : "language",
    "value" : "cpython3"
  }, {
    "name" : "package",
    "value" : "tests.test_sign_in"
  }, {
    "name" : "resultFormat",
    "value" : "allure2"
  } ],
  "parameters" : [ {
    "name" : "email",
    "value" : "'teston120@mailinator.com'"
  }, {
    "name" : "password",
    "value" : "' Test#12p@ssword'"
  } ],
  "links" : [ ],
  "hidden" : false,
  "retry" : false,
  "extra" : {
    "severity" : "normal",
    "retries" : [ ],
    "categories" : [ ],
    "tags" : [ "@pytest.mark.skip(reason='to be run with secret code for captcha')", "@pytest.mark.xfail(raises=<class 'AssertionError'>)" ]
  },
  "source" : "1109966a0cc71dab.json",
  "parameterValues" : [ "'teston120@mailinator.com'", "' Test#12p@ssword'" ]
}