{
  "uid" : "9a464571d1ae4ea1",
  "name" : "TC 03.02.01 to 03_02_10 Verify and Failed Login, no error validation",
  "fullName" : "tests.test_sign_in.TestFailedLogin#test_03_02_01_to_03_02_10_login",
  "historyId" : "13d92d3fc34ad3cd8390ae027b651bbc",
  "time" : {
    "start" : 1689470818749,
    "stop" : 1689470818749,
    "duration" : 0
  },
  "description" : "Check Success and Failed Login, no error validation",
  "descriptionHtml" : "<p>Check Success and Failed Login, no error validation</p>\n",
  "status" : "skipped",
  "statusMessage" : "Skipped: to be run with secret code for captcha",
  "statusTrace" : "('/home/runner/work/luma_project/luma_project/tests/test_sign_in.py', 250, 'Skipped: to be run with secret code for captcha')",
  "flaky" : false,
  "newFailed" : false,
  "beforeStages" : [ {
    "name" : "clear_allure_result_folder",
    "time" : {
      "start" : 1689469248290,
      "stop" : 1689469248290,
      "duration" : 0
    },
    "status" : "passed",
    "steps" : [ ],
    "attachments" : [ ],
    "parameters" : [ ],
    "stepsCount" : 0,
    "attachmentsCount" : 0,
    "shouldDisplayMessage" : false,
    "hasContent" : false
  }, {
    "name" : "_session_faker",
    "time" : {
      "start" : 1689469248185,
      "stop" : 1689469248290,
      "duration" : 105
    },
    "status" : "passed",
    "steps" : [ ],
    "attachments" : [ ],
    "parameters" : [ ],
    "stepsCount" : 0,
    "attachmentsCount" : 0,
    "shouldDisplayMessage" : false,
    "hasContent" : false
  }, {
    "name" : "driver",
    "time" : {
      "start" : 1689470818776,
      "stop" : 1689470819972,
      "duration" : 1196
    },
    "status" : "passed",
    "steps" : [ ],
    "attachments" : [ ],
    "parameters" : [ ],
    "stepsCount" : 0,
    "attachmentsCount" : 0,
    "shouldDisplayMessage" : false,
    "hasContent" : false
  } ],
  "afterStages" : [ {
    "name" : "clear_allure_result_folder::0",
    "time" : {
      "start" : 1689470886462,
      "stop" : 1689470886462,
      "duration" : 0
    },
    "status" : "passed",
    "steps" : [ ],
    "attachments" : [ ],
    "parameters" : [ ],
    "stepsCount" : 0,
    "attachmentsCount" : 0,
    "shouldDisplayMessage" : false,
    "hasContent" : false
  }, {
    "name" : "driver::0",
    "time" : {
      "start" : 1689470821110,
      "stop" : 1689470821174,
      "duration" : 64
    },
    "status" : "passed",
    "steps" : [ ],
    "attachments" : [ ],
    "parameters" : [ ],
    "stepsCount" : 0,
    "attachmentsCount" : 0,
    "shouldDisplayMessage" : false,
    "hasContent" : false
  } ],
  "labels" : [ {
    "name" : "feature",
    "value" : "Login Functionality with captcha"
  }, {
    "name" : "tag",
    "value" : "@pytest.mark.xfail(raises=<class 'AssertionError'>)"
  }, {
    "name" : "tag",
    "value" : "@pytest.mark.skip(reason='to be run with secret code for captcha')"
  }, {
    "name" : "parentSuite",
    "value" : "tests"
  }, {
    "name" : "suite",
    "value" : "test_sign_in"
  }, {
    "name" : "subSuite",
    "value" : "TestFailedLogin"
  }, {
    "name" : "host",
    "value" : "fv-az621-935"
  }, {
    "name" : "thread",
    "value" : "3406-MainThread"
  }, {
    "name" : "framework",
    "value" : "pytest"
  }, {
    "name" : "language",
    "value" : "cpython3"
  }, {
    "name" : "package",
    "value" : "tests.test_sign_in"
  }, {
    "name" : "resultFormat",
    "value" : "allure2"
  } ],
  "parameters" : [ {
    "name" : "email",
    "value" : "'teston110@mailinator.com'"
  }, {
    "name" : "password",
    "value" : "'Test#12p@ssword'"
  } ],
  "links" : [ ],
  "hidden" : false,
  "retry" : false,
  "extra" : {
    "severity" : "normal",
    "retries" : [ ],
    "categories" : [ ],
    "tags" : [ "@pytest.mark.skip(reason='to be run with secret code for captcha')", "@pytest.mark.xfail(raises=<class 'AssertionError'>)" ]
  },
  "source" : "9a464571d1ae4ea1.json",
  "parameterValues" : [ "'teston110@mailinator.com'", "'Test#12p@ssword'" ]
}