{
  "uid" : "a2cbf8d6479139fc",
  "name" : "TC 03.02.01 to 03_02_10 Verify and Failed Login, no error validation",
  "fullName" : "tests.test_sign_in.TestFailedLogin#test_03_02_01_to_03_02_10_login",
  "historyId" : "dcefff073194f7683cb60b459da94db5",
  "time" : {
    "start" : 1690679336444,
    "stop" : 1690679336444,
    "duration" : 0
  },
  "description" : "Check Success and Failed Login, no error validation",
  "descriptionHtml" : "<p>Check Success and Failed Login, no error validation</p>\n",
  "status" : "skipped",
  "statusMessage" : "Skipped: to be run with secret code for captcha",
  "statusTrace" : "('/home/runner/work/luma_project/luma_project/tests/test_sign_in.py', 250, 'Skipped: to be run with secret code for captcha')",
  "flaky" : false,
  "newFailed" : false,
  "beforeStages" : [ {
    "name" : "driver",
    "time" : {
      "start" : 1690679336453,
      "stop" : 1690679337544,
      "duration" : 1091
    },
    "status" : "passed",
    "steps" : [ ],
    "attachments" : [ ],
    "parameters" : [ ],
    "stepsCount" : 0,
    "attachmentsCount" : 0,
    "shouldDisplayMessage" : false,
    "hasContent" : false
  }, {
    "name" : "_session_faker",
    "time" : {
      "start" : 1690677994116,
      "stop" : 1690677994211,
      "duration" : 95
    },
    "status" : "passed",
    "steps" : [ ],
    "attachments" : [ ],
    "parameters" : [ ],
    "stepsCount" : 0,
    "attachmentsCount" : 0,
    "shouldDisplayMessage" : false,
    "hasContent" : false
  }, {
    "name" : "clear_allure_result_folder",
    "time" : {
      "start" : 1690677994212,
      "stop" : 1690677994212,
      "duration" : 0
    },
    "status" : "passed",
    "steps" : [ ],
    "attachments" : [ ],
    "parameters" : [ ],
    "stepsCount" : 0,
    "attachmentsCount" : 0,
    "shouldDisplayMessage" : false,
    "hasContent" : false
  } ],
  "afterStages" : [ {
    "name" : "driver::0",
    "time" : {
      "start" : 1690679338836,
      "stop" : 1690679338898,
      "duration" : 62
    },
    "status" : "passed",
    "steps" : [ ],
    "attachments" : [ ],
    "parameters" : [ ],
    "stepsCount" : 0,
    "attachmentsCount" : 0,
    "shouldDisplayMessage" : false,
    "hasContent" : false
  }, {
    "name" : "clear_allure_result_folder::0",
    "time" : {
      "start" : 1690679404982,
      "stop" : 1690679404982,
      "duration" : 0
    },
    "status" : "passed",
    "steps" : [ ],
    "attachments" : [ ],
    "parameters" : [ ],
    "stepsCount" : 0,
    "attachmentsCount" : 0,
    "shouldDisplayMessage" : false,
    "hasContent" : false
  } ],
  "labels" : [ {
    "name" : "feature",
    "value" : "Login Functionality with captcha"
  }, {
    "name" : "tag",
    "value" : "@pytest.mark.xfail(raises=<class 'AssertionError'>)"
  }, {
    "name" : "tag",
    "value" : "@pytest.mark.skip(reason='to be run with secret code for captcha')"
  }, {
    "name" : "parentSuite",
    "value" : "tests"
  }, {
    "name" : "suite",
    "value" : "test_sign_in"
  }, {
    "name" : "subSuite",
    "value" : "TestFailedLogin"
  }, {
    "name" : "host",
    "value" : "fv-az244-287"
  }, {
    "name" : "thread",
    "value" : "3457-MainThread"
  }, {
    "name" : "framework",
    "value" : "pytest"
  }, {
    "name" : "language",
    "value" : "cpython3"
  }, {
    "name" : "package",
    "value" : "tests.test_sign_in"
  }, {
    "name" : "resultFormat",
    "value" : "allure2"
  } ],
  "parameters" : [ {
    "name" : "email",
    "value" : "'teston120@mailinator.com'"
  }, {
    "name" : "password",
    "value" : "'Test#12p@ssword '"
  } ],
  "links" : [ ],
  "hidden" : false,
  "retry" : false,
  "extra" : {
    "severity" : "normal",
    "retries" : [ ],
    "categories" : [ ],
    "tags" : [ "@pytest.mark.skip(reason='to be run with secret code for captcha')", "@pytest.mark.xfail(raises=<class 'AssertionError'>)" ]
  },
  "source" : "a2cbf8d6479139fc.json",
  "parameterValues" : [ "'teston120@mailinator.com'", "'Test#12p@ssword '" ]
}